<?xml version="1.0" encoding="UTF-8"?>
<!-- Generated by org.testng.reporters.JUnitReportReporter -->
<testsuite name="facebookArtifactID.BootStrapDropDown" tests="1" failures="0" timestamp="21 Jul 2017 09:41:52 GMT" time="0.016" errors="0">
  <testcase name="fg" time="0.016" classname="facebookArtifactID.BootStrapDropDown"/>
</testsuite> <!-- facebookArtifactID.BootStrapDropDown -->
