<?xml version="1.0" encoding="UTF-8"?>
<!-- Generated by org.testng.reporters.JUnitReportReporter -->
<testsuite name="facebookArtifactID.LoginClass" tests="1" failures="0" timestamp="21 Jul 2017 07:17:08 GMT" time="14.512" errors="0">
  <testcase name="facebookLoginProcedure" time="14.512" classname="facebookArtifactID.LoginClass"/>
</testsuite> <!-- facebookArtifactID.LoginClass -->
