<?xml version="1.0" encoding="UTF-8"?>
<!-- Generated by org.testng.reporters.JUnitReportReporter -->
<testsuite name="facebookArtifactID.LoginClass" tests="1" failures="0" timestamp="28 Jul 2017 13:25:19 GMT" time="9.390" errors="0">
  <testcase name="facebookLogisnProcedure" time="9.390" classname="facebookArtifactID.LoginClass"/>
</testsuite> <!-- facebookArtifactID.LoginClass -->
