<?xml version="1.0" encoding="UTF-8"?>
<!-- Generated by org.testng.reporters.JUnitReportReporter -->
<testsuite name="facebookArtifactID.LoginClass" tests="1" failures="0" timestamp="21 Aug 2017 08:24:48 GMT" time="9.566" errors="0">
  <testcase name="facebookLogisnProcedure" time="9.566" classname="facebookArtifactID.LoginClass"/>
</testsuite> <!-- facebookArtifactID.LoginClass -->
